#
# A fatal error has been detected by the Java Runtime Environment:
#
#  EXCEPTION_ACCESS_VIOLATION (0xc0000005) at pc=0x00000000667d72f5, pid=5140, tid=5248
#
# JRE version: Java(TM) SE Runtime Environment (8.0_05-b13) (build 1.8.0_05-b13)
# Java VM: Java HotSpot(TM) 64-Bit Server VM (25.5-b02 mixed mode windows-amd64 compressed oops)
# Problematic frame:
# V  [jvm.dll+0x1172f5]
#
# Failed to write core dump. Minidumps are not enabled by default on client versions of Windows
#
# If you would like to submit a bug report, please visit:
#   http://bugreport.sun.com/bugreport/crash.jsp
#

---------------  T H R E A D  ---------------

Current thread (0x00000000142cc000):  JavaThread "JDWP Transport Listener: dt_socket" daemon [_thread_in_vm, id=5248, stack(0x00000000154e0000,0x00000000155e0000)]

siginfo: ExceptionCode=0xc0000005, reading address 0xffffffffffffffff

Registers:
RAX=0x00000000155df701, RBX=0x00000000142cc000, RCX=0x61696669646f6d6e, RDX=0x0000000000000000
RSP=0x00000000155df780, RBP=0x61696669646f6d6e, RSI=0x00000000155df898, RDI=0x0000000001c0a0e0
R8 =0x00000000142cc000, R9 =0x00000000160608b0, R10=0x00007ff9b5160000, R11=0x00000000155dfa82
R12=0x0000000000000000, R13=0x00000000142ccc08, R14=0x0000000000000000, R15=0x0000000000000000
RIP=0x00000000667d72f5, EFLAGS=0x0000000000010202

Top of Stack: (sp=0x00000000155df780)
0x00000000155df780:   00000000142cc000 00000000142cc000
0x00000000155df790:   00000000155df848 00000000669ca04b
0x00000000155df7a0:   00000000142cc000 00000000669e68ad
0x00000000155df7b0:   0000000000000022 0000000066419149
0x00000000155df7c0:   00000000142de718 0000000066422912
0x00000000155df7d0:   00000000142cc000 0000000000000000
0x00000000155df7e0:   0000000000000000 0000000000000000
0x00000000155df7f0:   61696669646f6d6e 0000000066421a09
0x00000000155df800:   00000000155df898 00000000155df870
0x00000000155df810:   0000000000000001 00000000142de718
0x00000000155df820:   61696669646f6d6e 00000000664053b3
0x00000000155df830:   00000000155df960 0000000000000001
0x00000000155df840:   0000000000000001 00000000142de718
0x00000000155df850:   0000000000000001 0000000000000000
0x00000000155df860:   0000000000000000 0000000000000000
0x00000000155df870:   0000000000000001 0000000066405571 

Instructions: (pc=0x00000000667d72f5)
0x00000000667d72d5:   cc cc cc cc cc cc cc cc cc cc cc 48 83 ec 28 48
0x00000000667d72e5:   85 c9 75 07 33 c0 48 83 c4 28 c3 48 89 5c 24 20
0x00000000667d72f5:   48 8b 19 48 85 db 74 20 48 83 fb 37 74 1a 48 8b
0x00000000667d7305:   13 48 8b cb ff 52 08 84 c0 74 0d 48 8b c3 48 8b 


Register to memory mapping:

RAX=0x00000000155df701 is pointing into the stack for thread: 0x00000000142cc000
RBX=0x00000000142cc000 is a thread
RCX=0x61696669646f6d6e is an unknown value
RDX=0x0000000000000000 is an unknown value
RSP=0x00000000155df780 is pointing into the stack for thread: 0x00000000142cc000
RBP=0x61696669646f6d6e is an unknown value
RSI=0x00000000155df898 is pointing into the stack for thread: 0x00000000142cc000
RDI=0x0000000001c0a0e0 is an unknown value
R8 =0x00000000142cc000 is a thread
R9 =0x00000000160608b0 is an unknown value
R10=0x00007ff9b5160000 is an unknown value
R11=0x00000000155dfa82 is pointing into the stack for thread: 0x00000000142cc000
R12=0x0000000000000000 is an unknown value
R13=0x00000000142ccc08 is an unknown value
R14=0x0000000000000000 is an unknown value
R15=0x0000000000000000 is an unknown value


Stack: [0x00000000154e0000,0x00000000155e0000],  sp=0x00000000155df780,  free space=1021k
Native frames: (J=compiled Java code, j=interpreted, Vv=VM code, C=native code)
V  [jvm.dll+0x1172f5]
V  [jvm.dll+0x3268ad]
C  [jdwp.dll+0x21a09]
C  [jdwp.dll+0x53b3]
C  [jdwp.dll+0x5571]
C  [jdwp.dll+0xf09c]
C  [jdwp.dll+0x1f2c9]
C  [jdwp.dll+0x1f49e]
V  [jvm.dll+0x1a7128]
V  [jvm.dll+0x2232c4]
V  [jvm.dll+0x27baca]
C  [msvcr100.dll+0x21d9f]
C  [msvcr100.dll+0x21e3b]
C  [KERNEL32.DLL+0x15dd]
C  [ntdll.dll+0x743d1]


---------------  P R O C E S S  ---------------

Java Threads: ( => current thread )
  0x0000000015da2000 JavaThread "ReaderThread" [_thread_in_native, id=5408, stack(0x00000000160e0000,0x00000000161e0000)]
  0x0000000014339800 JavaThread "Service Thread" daemon [_thread_blocked, id=2984, stack(0x00000000159e0000,0x0000000015ae0000)]
  0x0000000014320800 JavaThread "C1 CompilerThread1" daemon [_thread_blocked, id=2352, stack(0x00000000158e0000,0x00000000159e0000)]
  0x00000000142df800 JavaThread "C2 CompilerThread0" daemon [_thread_blocked, id=1888, stack(0x00000000157e0000,0x00000000158e0000)]
  0x00000000142cf000 JavaThread "JDWP Command Reader" daemon [_thread_in_native, id=2108, stack(0x00000000156e0000,0x00000000157e0000)]
  0x00000000142cd800 JavaThread "JDWP Event Helper Thread" daemon [_thread_blocked, id=6112, stack(0x00000000155e0000,0x00000000156e0000)]
=>0x00000000142cc000 JavaThread "JDWP Transport Listener: dt_socket" daemon [_thread_in_vm, id=5248, stack(0x00000000154e0000,0x00000000155e0000)]
  0x00000000142bc000 JavaThread "Attach Listener" daemon [_thread_blocked, id=6120, stack(0x0000000015100000,0x0000000015200000)]
  0x00000000142b9800 JavaThread "Signal Dispatcher" daemon [_thread_blocked, id=6108, stack(0x0000000015000000,0x0000000015100000)]
  0x0000000001e20800 JavaThread "Finalizer" daemon [_thread_blocked, id=5592, stack(0x0000000014f00000,0x0000000015000000)]
  0x0000000001e18800 JavaThread "Reference Handler" daemon [_thread_blocked, id=5656, stack(0x0000000014e00000,0x0000000014f00000)]
  0x0000000001d32800 JavaThread "main" [_thread_blocked, id=5732, stack(0x0000000001c10000,0x0000000001d10000)]

Other Threads:
  0x0000000014286000 VMThread [stack: 0x0000000014d00000,0x0000000014e00000] [id=6088]
  0x000000001433a800 WatcherThread [stack: 0x0000000015be0000,0x0000000015ce0000] [id=4524]

VM state:not at safepoint (normal execution)

VM Mutex/Monitor currently owned by a thread: None

Heap:
 PSYoungGen      total 1536K, used 1493K [0x00000000eab00000, 0x00000000eaf00000, 0x0000000100000000)
  eden space 1024K, 97% used [0x00000000eab00000,0x00000000eabf9508,0x00000000eac00000)
  from space 512K, 96% used [0x00000000eac00000,0x00000000eac7c010,0x00000000eac80000)
  to   space 1024K, 0% used [0x00000000eae00000,0x00000000eae00000,0x00000000eaf00000)
 ParOldGen       total 64000K, used 552K [0x00000000c0000000, 0x00000000c3e80000, 0x00000000eab00000)
  object space 64000K, 0% used [0x00000000c0000000,0x00000000c008a128,0x00000000c3e80000)
 Metaspace       used 5134K, capacity 5306K, committed 5504K, reserved 1056768K
  class space    used 609K, capacity 633K, committed 640K, reserved 1048576K

Card table byte_map: [0x00000000111f0000,0x0000000011400000] byte_map_base: 0x0000000010bf0000

Marking Bits: (ParMarkBitMap*) 0x0000000066e713b0
 Begin Bits: [0x0000000011760000, 0x0000000012760000)
 End Bits:   [0x0000000012760000, 0x0000000013760000)

Polling page: 0x00000000003b0000

CodeCache: size=245760Kb used=1913Kb max_used=1913Kb free=243846Kb
 bounds [0x0000000001e30000, 0x00000000020a0000, 0x0000000010e30000]
 total_blobs=626 nmethods=345 adapters=204
 compilation: enabled

Compilation events (10 events):
Event: 1.132 Thread 0x0000000014320800  341       3       java.util.zip.ZipCoder::getBytes (192 bytes)
Event: 1.136 Thread 0x0000000014320800 nmethod 341 0x0000000002009b50 code [0x0000000002009f20, 0x000000000200bfd8]
Event: 1.136 Thread 0x0000000014320800  342       3       java.lang.String::substring (56 bytes)
Event: 1.136 Thread 0x0000000014320800 nmethod 342 0x000000000200d350 code [0x000000000200d500, 0x000000000200d8e8]
Event: 1.145 Thread 0x0000000014320800  343       3       java.lang.invoke.LambdaForm$Name::initIndex (26 bytes)
Event: 1.145 Thread 0x0000000014320800 nmethod 343 0x000000000200dad0 code [0x000000000200dc20, 0x000000000200de10]
Event: 1.145 Thread 0x0000000014320800  344       3       java.util.Arrays::copyOf (46 bytes)
Event: 1.146 Thread 0x0000000014320800 nmethod 344 0x000000000200de90 code [0x000000000200e040, 0x000000000200e6e8]
Event: 1.148 Thread 0x0000000014320800  345       1       java.lang.System::getSecurityManager (4 bytes)
Event: 1.148 Thread 0x0000000014320800 nmethod 345 0x000000000200e910 code [0x000000000200ea60, 0x000000000200eb50]

GC Heap History (10 events):
Event: 0.441 GC heap before
{Heap before GC invocations=1 (full 0):
 PSYoungGen      total 1024K, used 512K [0x00000000eab00000, 0x00000000eac80000, 0x0000000100000000)
  eden space 512K, 100% used [0x00000000eab00000,0x00000000eab80000,0x00000000eab80000)
  from space 512K, 0% used [0x00000000eac00000,0x00000000eac00000,0x00000000eac80000)
  to   space 512K, 0% used [0x00000000eab80000,0x00000000eab80000,0x00000000eac00000)
 ParOldGen       total 64000K, used 0K [0x00000000c0000000, 0x00000000c3e80000, 0x00000000eab00000)
  object space 64000K, 0% used [0x00000000c0000000,0x00000000c0000000,0x00000000c3e80000)
 Metaspace       used 2488K, capacity 4480K, committed 4480K, reserved 1056768K
  class space    used 274K, capacity 384K, committed 384K, reserved 1048576K
Event: 0.443 GC heap after
Heap after GC invocations=1 (full 0):
 PSYoungGen      total 1024K, used 416K [0x00000000eab00000, 0x00000000eac80000, 0x0000000100000000)
  eden space 512K, 0% used [0x00000000eab00000,0x00000000eab00000,0x00000000eab80000)
  from space 512K, 81% used [0x00000000eab80000,0x00000000eabe8020,0x00000000eac00000)
  to   space 512K, 0% used [0x00000000eac00000,0x00000000eac00000,0x00000000eac80000)
 ParOldGen       total 64000K, used 8K [0x00000000c0000000, 0x00000000c3e80000, 0x00000000eab00000)
  object space 64000K, 0% used [0x00000000c0000000,0x00000000c0002000,0x00000000c3e80000)
 Metaspace       used 2488K, capacity 4480K, committed 4480K, reserved 1056768K
  class space    used 274K, capacity 384K, committed 384K, reserved 1048576K
}
Event: 0.518 GC heap before
{Heap before GC invocations=2 (full 0):
 PSYoungGen      total 1024K, used 928K [0x00000000eab00000, 0x00000000eac80000, 0x0000000100000000)
  eden space 512K, 100% used [0x00000000eab00000,0x00000000eab80000,0x00000000eab80000)
  from space 512K, 81% used [0x00000000eab80000,0x00000000eabe8020,0x00000000eac00000)
  to   space 512K, 0% used [0x00000000eac00000,0x00000000eac00000,0x00000000eac80000)
 ParOldGen       total 64000K, used 8K [0x00000000c0000000, 0x00000000c3e80000, 0x00000000eab00000)
  object space 64000K, 0% used [0x00000000c0000000,0x00000000c0002000,0x00000000c3e80000)
 Metaspace       used 2933K, capacity 4588K, committed 4864K, reserved 1056768K
  class space    used 326K, capacity 424K, committed 512K, reserved 1048576K
Event: 0.533 GC heap after
Heap after GC invocations=2 (full 0):
 PSYoungGen      total 1024K, used 512K [0x00000000eab00000, 0x00000000ead00000, 0x0000000100000000)
  eden space 512K, 0% used [0x00000000eab00000,0x00000000eab00000,0x00000000eab80000)
  from space 512K, 100% used [0x00000000eac00000,0x00000000eac80000,0x00000000eac80000)
  to   space 512K, 0% used [0x00000000eab80000,0x00000000eab80000,0x00000000eac00000)
 ParOldGen       total 64000K, used 16K [0x00000000c0000000, 0x00000000c3e80000, 0x00000000eab00000)
  object space 64000K, 0% used [0x00000000c0000000,0x00000000c0004000,0x00000000c3e80000)
 Metaspace       used 2933K, capacity 4588K, committed 4864K, reserved 1056768K
  class space    used 326K, capacity 424K, committed 512K, reserved 1048576K
}
Event: 0.607 GC heap before
{Heap before GC invocations=3 (full 0):
 PSYoungGen      total 1024K, used 1024K [0x00000000eab00000, 0x00000000ead00000, 0x0000000100000000)
  eden space 512K, 100% used [0x00000000eab00000,0x00000000eab80000,0x00000000eab80000)
  from space 512K, 100% used [0x00000000eac00000,0x00000000eac80000,0x00000000eac80000)
  to   space 512K, 0% used [0x00000000eab80000,0x00000000eab80000,0x00000000eac00000)
 ParOldGen       total 64000K, used 16K [0x00000000c0000000, 0x00000000c3e80000, 0x00000000eab00000)
  object space 64000K, 0% used [0x00000000c0000000,0x00000000c0004000,0x00000000c3e80000)
 Metaspace       used 3267K, capacity 4652K, committed 4864K, reserved 1056768K
  class space    used 366K, capacity 424K, committed 512K, reserved 1048576K
Event: 0.611 GC heap after
Heap after GC invocations=3 (full 0):
 PSYoungGen      total 1024K, used 480K [0x00000000eab00000, 0x00000000ead00000, 0x0000000100000000)
  eden space 512K, 0% used [0x00000000eab00000,0x00000000eab00000,0x00000000eab80000)
  from space 512K, 93% used [0x00000000eab80000,0x00000000eabf8040,0x00000000eac00000)
  to   space 512K, 0% used [0x00000000eac80000,0x00000000eac80000,0x00000000ead00000)
 ParOldGen       total 64000K, used 164K [0x00000000c0000000, 0x00000000c3e80000, 0x00000000eab00000)
  object space 64000K, 0% used [0x00000000c0000000,0x00000000c00291a0,0x00000000c3e80000)
 Metaspace       used 3267K, capacity 4652K, committed 4864K, reserved 1056768K
  class space    used 366K, capacity 424K, committed 512K, reserved 1048576K
}
Event: 0.711 GC heap before
{Heap before GC invocations=4 (full 0):
 PSYoungGen      total 1024K, used 992K [0x00000000eab00000, 0x00000000ead00000, 0x0000000100000000)
  eden space 512K, 100% used [0x00000000eab00000,0x00000000eab80000,0x00000000eab80000)
  from space 512K, 93% used [0x00000000eab80000,0x00000000eabf8040,0x00000000eac00000)
  to   space 512K, 0% used [0x00000000eac80000,0x00000000eac80000,0x00000000ead00000)
 ParOldGen       total 64000K, used 164K [0x00000000c0000000, 0x00000000c3e80000, 0x00000000eab00000)
  object space 64000K, 0% used [0x00000000c0000000,0x00000000c00291a0,0x00000000c3e80000)
 Metaspace       used 3416K, capacity 4716K, committed 4864K, reserved 1056768K
  class space    used 385K, capacity 424K, committed 512K, reserved 1048576K
Event: 0.713 GC heap after
Heap after GC invocations=4 (full 0):
 PSYoungGen      total 1536K, used 480K [0x00000000eab00000, 0x00000000ead00000, 0x0000000100000000)
  eden space 1024K, 0% used [0x00000000eab00000,0x00000000eab00000,0x00000000eac00000)
  from space 512K, 93% used [0x00000000eac80000,0x00000000eacf8020,0x00000000ead00000)
  to   space 512K, 0% used [0x00000000eac00000,0x00000000eac00000,0x00000000eac80000)
 ParOldGen       total 64000K, used 285K [0x00000000c0000000, 0x00000000c3e80000, 0x00000000eab00000)
  object space 64000K, 0% used [0x00000000c0000000,0x00000000c0047588,0x00000000c3e80000)
 Metaspace       used 3416K, capacity 4716K, committed 4864K, reserved 1056768K
  class space    used 385K, capacity 424K, committed 512K, reserved 1048576K
}
Event: 0.928 GC heap before
{Heap before GC invocations=5 (full 0):
 PSYoungGen      total 1536K, used 1504K [0x00000000eab00000, 0x00000000ead00000, 0x0000000100000000)
  eden space 1024K, 100% used [0x00000000eab00000,0x00000000eac00000,0x00000000eac00000)
  from space 512K, 93% used [0x00000000eac80000,0x00000000eacf8020,0x00000000ead00000)
  to   space 512K, 0% used [0x00000000eac00000,0x00000000eac00000,0x00000000eac80000)
 ParOldGen       total 64000K, used 285K [0x00000000c0000000, 0x00000000c3e80000, 0x00000000eab00000)
  object space 64000K, 0% used [0x00000000c0000000,0x00000000c0047588,0x00000000c3e80000)
 Metaspace       used 4370K, capacity 5056K, committed 5248K, reserved 1056768K
  class space    used 519K, capacity 564K, committed 640K, reserved 1048576K
Event: 0.936 GC heap after
Heap after GC invocations=5 (full 0):
 PSYoungGen      total 1536K, used 496K [0x00000000eab00000, 0x00000000eaf00000, 0x0000000100000000)
  eden space 1024K, 0% used [0x00000000eab00000,0x00000000eab00000,0x00000000eac00000)
  from space 512K, 96% used [0x00000000eac00000,0x00000000eac7c010,0x00000000eac80000)
  to   space 1024K, 0% used [0x00000000eae00000,0x00000000eae00000,0x00000000eaf00000)
 ParOldGen       total 64000K, used 552K [0x00000000c0000000, 0x00000000c3e80000, 0x00000000eab00000)
  object space 64000K, 0% used [0x00000000c0000000,0x00000000c008a128,0x00000000c3e80000)
 Metaspace       used 4370K, capacity 5056K, committed 5248K, reserved 1056768K
  class space    used 519K, capacity 564K, committed 640K, reserved 1048576K
}

Deoptimization events (0 events):
No events

Internal exceptions (10 events):
Event: 0.952 Thread 0x0000000001d32800 Exception <a 'java/security/PrivilegedActionException'> (0x00000000eab14a88) thrown at [D:\re\workspace\8-2-build-windows-amd64-cygwin\jdk8u5\2488\hotspot\src\share\vm\prims\jvm.cpp, line 1248]
Event: 0.986 Thread 0x0000000001d32800 Exception <a 'java/lang/ClassNotFoundException': java/lang/Null> (0x00000000eab30ad8) thrown at [D:\re\workspace\8-2-build-windows-amd64-cygwin\jdk8u5\2488\hotspot\src\share\vm\classfile\systemDictionary.cpp, line 202]
Event: 1.021 Thread 0x0000000001d32800 Exception <a 'java/lang/NoSuchFieldError': method resolution failed> (0x00000000eab88398) thrown at [D:\re\workspace\8-2-build-windows-amd64-cygwin\jdk8u5\2488\hotspot\src\share\vm\prims\methodHandles.cpp, line 1159]
Event: 1.031 Thread 0x0000000001d32800 Exception <a 'java/lang/NoSuchFieldError': method resolution failed> (0x00000000eab96f68) thrown at [D:\re\workspace\8-2-build-windows-amd64-cygwin\jdk8u5\2488\hotspot\src\share\vm\prims\methodHandles.cpp, line 1159]
Event: 1.034 Thread 0x0000000001d32800 Exception <a 'java/lang/NoSuchFieldError': method resolution failed> (0x00000000eab9a358) thrown at [D:\re\workspace\8-2-build-windows-amd64-cygwin\jdk8u5\2488\hotspot\src\share\vm\prims\methodHandles.cpp, line 1159]
Event: 1.128 Thread 0x0000000001d32800 Exception <a 'java/security/PrivilegedActionException'> (0x00000000eabdac38) thrown at [D:\re\workspace\8-2-build-windows-amd64-cygwin\jdk8u5\2488\hotspot\src\share\vm\prims\jvm.cpp, line 1248]
Event: 1.129 Thread 0x0000000001d32800 Exception <a 'java/security/PrivilegedActionException'> (0x00000000eabdecf8) thrown at [D:\re\workspace\8-2-build-windows-amd64-cygwin\jdk8u5\2488\hotspot\src\share\vm\prims\jvm.cpp, line 1248]
Event: 1.131 Thread 0x0000000001d32800 Exception <a 'java/security/PrivilegedActionException'> (0x00000000eabe2438) thrown at [D:\re\workspace\8-2-build-windows-amd64-cygwin\jdk8u5\2488\hotspot\src\share\vm\prims\jvm.cpp, line 1248]
Event: 1.135 Thread 0x0000000001d32800 Exception <a 'java/security/PrivilegedActionException'> (0x00000000eabe5ce8) thrown at [D:\re\workspace\8-2-build-windows-amd64-cygwin\jdk8u5\2488\hotspot\src\share\vm\prims\jvm.cpp, line 1248]
Event: 1.178 Thread 0x0000000001d32800 Exception <a 'java/security/PrivilegedActionException'> (0x00000000eabeeec8) thrown at [D:\re\workspace\8-2-build-windows-amd64-cygwin\jdk8u5\2488\hotspot\src\share\vm\prims\jvm.cpp, line 1248]

Events (10 events):
Event: 2487.962 Executing VM operation: RedefineClasses
Event: 2487.965 Executing VM operation: RedefineClasses done
Event: 2488.116 Executing VM operation: ChangeBreakpoints
Event: 2488.116 Executing VM operation: ChangeBreakpoints done
Event: 2679.308 Executing VM operation: RedefineClasses
Event: 2679.313 Executing VM operation: RedefineClasses done
Event: 2680.031 Executing VM operation: ChangeBreakpoints
Event: 2680.031 Executing VM operation: ChangeBreakpoints done
Event: 2702.554 Executing VM operation: RedefineClasses
Event: 2702.561 Executing VM operation: RedefineClasses done


Dynamic libraries:
0x00007ff79f6e0000 - 0x00007ff79f714000 	C:\Program Files\Java\jre8\bin\javaw.exe
0x00007ff9b5160000 - 0x00007ff9b5309000 	C:\Windows\SYSTEM32\ntdll.dll
0x00007ff9b2c90000 - 0x00007ff9b2dc9000 	C:\Windows\system32\KERNEL32.DLL
0x00007ff9b25b0000 - 0x00007ff9b26be000 	C:\Windows\system32\KERNELBASE.dll
0x00007ff9b0d70000 - 0x00007ff9b0dfb000 	C:\Windows\system32\apphelp.dll
0x00007ff9afb40000 - 0x00007ff9afb8f000 	C:\Windows\AppPatch\AppPatch64\AcGenral.DLL
0x00007ff9b2be0000 - 0x00007ff9b2c87000 	C:\Windows\system32\msvcrt.dll
0x00007ff9b2350000 - 0x00007ff9b237b000 	C:\Windows\SYSTEM32\SspiCli.dll
0x00007ff9b29f0000 - 0x00007ff9b2a41000 	C:\Windows\system32\SHLWAPI.dll
0x00007ff9b2a60000 - 0x00007ff9b2bd1000 	C:\Windows\system32\USER32.dll
0x00007ff9b3ba0000 - 0x00007ff9b3d16000 	C:\Windows\system32\ole32.dll
0x00007ff9b3d40000 - 0x00007ff9b514d000 	C:\Windows\system32\SHELL32.dll
0x00007ff9b1b10000 - 0x00007ff9b1b2f000 	C:\Windows\SYSTEM32\USERENV.dll
0x00007ff9b3370000 - 0x00007ff9b3415000 	C:\Windows\system32\ADVAPI32.dll
0x00007ff9ab710000 - 0x00007ff9ab72b000 	C:\Windows\SYSTEM32\MPR.dll
0x00007ff9b3600000 - 0x00007ff9b3736000 	C:\Windows\system32\RPCRT4.dll
0x00007ff9b3250000 - 0x00007ff9b32a7000 	C:\Windows\SYSTEM32\sechost.dll
0x00007ff9b3420000 - 0x00007ff9b35f7000 	C:\Windows\SYSTEM32\combase.dll
0x00007ff9b2e30000 - 0x00007ff9b2f75000 	C:\Windows\system32\GDI32.dll
0x00007ff9b24e0000 - 0x00007ff9b24f4000 	C:\Windows\SYSTEM32\profapi.dll
0x00007ff9b0e00000 - 0x00007ff9b0ea1000 	C:\Windows\SYSTEM32\SHCORE.dll
0x00007ff9b2f80000 - 0x00007ff9b2fb4000 	C:\Windows\system32\IMM32.DLL
0x00007ff9b37e0000 - 0x00007ff9b3918000 	C:\Windows\system32\MSCTF.dll
0x00007ff9b2490000 - 0x00007ff9b24d0000 	C:\Windows\system32\nvinitx.dll
0x00007ff9b02d0000 - 0x00007ff9b052a000 	C:\Windows\WinSxS\amd64_microsoft.windows.common-controls_6595b64144ccf1df_6.0.9600.16384_none_62475f7becb72503\COMCTL32.dll
0x0000000066ef0000 - 0x0000000066fc2000 	C:\Program Files\Java\jre8\bin\msvcr100.dll
0x00000000666c0000 - 0x0000000066eea000 	C:\Program Files\Java\jre8\bin\server\jvm.dll
0x00007ff9afb30000 - 0x00007ff9afb39000 	C:\Windows\SYSTEM32\WSOCK32.dll
0x00007ff9afc00000 - 0x00007ff9afc1f000 	C:\Windows\SYSTEM32\WINMM.dll
0x00007ff9b5150000 - 0x00007ff9b5157000 	C:\Windows\system32\PSAPI.DLL
0x00007ff9b3b40000 - 0x00007ff9b3b98000 	C:\Windows\system32\WS2_32.dll
0x00007ff9afbc0000 - 0x00007ff9afbea000 	C:\Windows\SYSTEM32\WINMMBASE.dll
0x00007ff9b2a50000 - 0x00007ff9b2a59000 	C:\Windows\system32\NSI.dll
0x00007ff9b29a0000 - 0x00007ff9b29ea000 	C:\Windows\SYSTEM32\cfgmgr32.dll
0x00007ff9b1320000 - 0x00007ff9b1346000 	C:\Windows\SYSTEM32\DEVOBJ.dll
0x00000000666b0000 - 0x00000000666bf000 	C:\Program Files\Java\jre8\bin\verify.dll
0x0000000066680000 - 0x00000000666a8000 	C:\Program Files\Java\jre8\bin\java.dll
0x0000000066400000 - 0x0000000066435000 	C:\Program Files\Java\jre8\bin\jdwp.dll
0x00000000663f0000 - 0x00000000663f8000 	C:\Program Files\Java\jre8\bin\npt.dll
0x0000000066660000 - 0x0000000066676000 	C:\Program Files\Java\jre8\bin\zip.dll
0x00000000663e0000 - 0x00000000663e9000 	C:\Program Files\Java\jre8\bin\dt_socket.dll
0x00007ff9a4910000 - 0x00007ff9a4924000 	C:\Windows\system32\napinsp.dll
0x00007ff9a47c0000 - 0x00007ff9a47d9000 	C:\Windows\system32\pnrpnsp.dll
0x00007ff9ad6a0000 - 0x00007ff9ad6b9000 	C:\Windows\system32\NLAapi.dll
0x00007ff9b1dd0000 - 0x00007ff9b1e28000 	C:\Windows\System32\mswsock.dll
0x00007ff9b1b70000 - 0x00007ff9b1c13000 	C:\Windows\SYSTEM32\DNSAPI.dll
0x00007ff9a44e0000 - 0x00007ff9a44ec000 	C:\Windows\System32\winrnr.dll
0x00007ff9a44c0000 - 0x00007ff9a44d3000 	C:\Windows\system32\wshbth.dll
0x00007ff9ac820000 - 0x00007ff9ac887000 	C:\Windows\System32\fwpuclnt.dll
0x00007ff9a5aa0000 - 0x00007ff9a5aa9000 	C:\Windows\System32\rasadhlp.dll
0x0000000066640000 - 0x000000006665a000 	C:\Program Files\Java\jre8\bin\net.dll
0x00007ff993d60000 - 0x00007ff993ee8000 	C:\Windows\SYSTEM32\dbghelp.dll

VM Arguments:
jvm_args: -agentlib:jdwp=transport=dt_socket,suspend=y,address=localhost:52623 -Dfile.encoding=UTF-8 
java_command: org.eclipse.jdt.internal.junit.runner.RemoteTestRunner -version 3 -port 52622 -testLoaderClass org.eclipse.jdt.internal.junit4.runner.JUnit4TestLoader -loaderpluginname org.eclipse.jdt.junit4.runtime -classNames com.airhacks.followme.business.flightcontrol.boundary.TestRootDirectory
java_class_path (initial): D:\ttt\artifactID\target\test-classes;D:\ttt\artifactID\target\classes;C:\Users\Alfa\.m2\repository\junit\junit\4.11\junit-4.11.jar;C:\Users\Alfa\.m2\repository\org\hamcrest\hamcrest-core\1.3\hamcrest-core-1.3.jar;C:\Users\Alfa\.m2\repository\com\airhacks\afterburner.fx\1.5.1\afterburner.fx-1.5.1.jar;/D:/eclipse-SDK-4.4-win32-x86_64-efx-1.0.0-SNAPSHOT-mit-plugins/configuration/org.eclipse.osgi/263/0/.cp/;/D:/eclipse-SDK-4.4-win32-x86_64-efx-1.0.0-SNAPSHOT-mit-plugins/configuration/org.eclipse.osgi/262/0/.cp/
Launcher Type: SUN_STANDARD

Environment Variables:
JAVA_HOME=c:\Program Files\Java\jdk1.8.0_05\
CLASSPATH=.;C:\Program Files (x86)\Java\jre7\lib\ext\QTJava.zip
PATH=C:\PROGRA~1\PTC\MKSTOO~1\bin64;C:\PROGRA~1\PTC\MKSTOO~1\bin;C:\PROGRA~1\PTC\MKSTOO~1\bin\X11;C:\PROGRA~1\PTC\MKSTOO~1\mksnt;C:\Windows\system32;C:\Windows;C:\Windows\System32\Wbem;C:\Windows\System32\WindowsPowerShell\v1.0\;C:\Program Files (x86)\QuickTime\QTSystem\;C:\Program Files\Microsoft\Web Platform Installer\;C:\Program Files (x86)\Microsoft ASP.NET\ASP.NET Web Pages\v1.0\;C:\Program Files\Microsoft SQL Server\110\Tools\Binn\;C:\Program Files (x86)\OpenVPN\bin;C:\Program Files (x86)\Intel\OpenCL SDK\2.0\bin\x86;C:\Program Files (x86)\Intel\OpenCL SDK\2.0\bin\x64;C:\Program Files\Common Files\Autodesk Shared\;C:\IFOR\WIN\BIN;C:\IFOR\WIN\BIN\EN_US;C:\Program Files (x86)\Microsoft SQL Server\110\Tools\Binn\;C:\Program Files\Microsoft SQL Server\110\DTS\Binn\;C:\Program Files (x86)\Microsoft SQL Server\110\Tools\Binn\ManagementStudio\;C:\Program Files (x86)\Microsoft Visual Studio 10.0\Common7\IDE\PrivateAssemblies\;C:\Program Files (x86)\Microsoft SQL Server\110\DTS\Binn\;c:\Program Files\Java\jdk1.8.0_05\bin\;d:\apache-maven-3.2.1\bin\;d:\mongodb-win32-x86_64-2008plus-2.6.3\bin;d:\opencv\build\x64\vc10\bin\;d:\Program Files\Mercurial;c:\Users\Alfa\AppData\Local\Programs\Git\bin\
USERNAME=Alfa
DISPLAY=:0.0
OS=Windows_NT
PROCESSOR_IDENTIFIER=AMD64 Family 15 Model 67 Stepping 2, AuthenticAMD



---------------  S Y S T E M  ---------------

OS: Windows 8.1 , 64 bit Build 9600 

CPU:total 2 (2 cores per cpu, 1 threads per core) family 15 model 67 stepping 2, cmov, cx8, fxsr, mmx, sse, sse2, sse3, mmxext, 3dnowpref, tsc

Memory: 4k page, physical 4192756k(1116648k free), swap 12384756k(7544144k free)

vm_info: Java HotSpot(TM) 64-Bit Server VM (25.5-b02) for windows-amd64 JRE (1.8.0_05-b13), built on Mar 18 2014 01:08:39 by "java_re" with MS VC++ 10.0 (VS2010)

time: Wed Aug 06 11:14:09 2014
elapsed time: 2703 seconds

